2016-07-07 11:28:41     0.7   12.9  STATUS STARTED RnBeads Pipeline
2016-07-07 11:28:41     0.7   12.9    INFO     Initialized report index and saved to index.html
2016-07-07 11:28:41     0.7   12.9  STATUS     STARTED Loading Data
2016-07-07 11:28:41     0.7   12.9    INFO         Number of cores: 1
2016-07-07 11:28:41     0.8   12.9    INFO         Loading data of type "infinium.idat.dir"
2016-07-07 11:28:41     0.8   12.9  STATUS         STARTED Loading Data from IDAT Files
2016-07-07 11:28:41     0.8   12.9    INFO             Added column barcode to the provided sample annotation table
2016-07-07 11:28:42     0.8   12.9    INFO             Detected platform: HumanMethylation450
2016-07-07 11:31:46     1.1   14.9  STATUS         COMPLETED Loading Data from IDAT Files
2016-07-07 11:46:19     1.4   15.7  STATUS         Loaded data from /projects/factorization/raw_data/GSE42861/idat
2016-07-07 11:46:31     2.4   15.7  STATUS         Predicted gender for the loaded samples
2016-07-07 11:46:35     2.0   15.7  STATUS         Added data loading section to the report
2016-07-07 11:46:35     2.0   15.7  STATUS         Loaded 92 samples and 485577 sites
2016-07-07 11:46:35     2.0   15.7    INFO         Output object is of type RnBeadRawSet
2016-07-07 11:46:35     2.0   15.7  STATUS     COMPLETED Loading Data
2016-07-07 11:49:25     1.4   15.7    INFO     Initialized report index and saved to index.html
2016-07-07 11:49:31     1.4   15.7  STATUS     STARTED Quality Control
2016-07-07 11:49:31     1.4   15.7    INFO         Number of cores: 1
2016-07-07 11:49:31     1.4   15.7  STATUS         STARTED Quality Control Section
2016-07-07 11:49:51     1.4   15.7  STATUS             Added quality control box plots
2016-07-07 11:51:48     1.4   15.7  STATUS             Added quality control bar plots
2016-07-07 11:51:57     1.4   15.7  STATUS             Added negative control boxplots
2016-07-07 11:51:57     1.4   15.7  STATUS         COMPLETED Quality Control Section
2016-07-07 11:51:57     1.4   15.7  STATUS         STARTED Visualizing Sample Mixups
2016-07-07 11:51:57     1.4   15.7  STATUS             STARTED Mixups Visualization Section
2016-07-07 11:52:11     2.0   15.7  STATUS                 Added SNP Heatmap
2016-07-07 11:52:17     2.0   15.7  STATUS                 Calculated Manhattan distances between samples based on SNP probes
2016-07-07 11:52:18     2.0   15.7  STATUS                 Add plot of SNP distances
2016-07-07 11:52:18     2.0   15.7  STATUS                 Exported SNP-based distances to snp_distances.csv
2016-07-07 11:52:18     2.0   15.7  STATUS                 Added SNP-based Distances
2016-07-07 11:52:18     2.0   15.7  STATUS             COMPLETED Mixups Visualization Section
2016-07-07 11:52:18     2.0   15.7  STATUS         COMPLETED Visualizing Sample Mixups
2016-07-07 11:52:30     2.2   15.7  STATUS     COMPLETED Quality Control
2016-07-07 11:52:31     2.2   15.7    INFO     Initialized report index and saved to index.html
2016-07-07 11:52:37     1.4   15.7  STATUS     STARTED Preprocessing
2016-07-07 11:52:37     1.4   15.7    INFO         Number of cores: 1
2016-07-07 11:52:37     1.4   15.7  STATUS         STARTED Filtering Procedures I
2016-07-07 11:52:38     1.4   15.7  STATUS             STARTED Removal of SNP-enriched Sites
2016-07-07 11:52:38     1.4   15.7  STATUS                 Removed 10119 sites using SNP criterion "3"
2016-07-07 11:52:38     1.4   15.7  STATUS                 Saved removed sites to /projects/factorization/raw_data/results_with_adjustment/preprocessing_data/removed_sites_snp.csv
2016-07-07 11:52:38     1.4   15.7  STATUS                 Added a corresponding section to the report
2016-07-07 11:52:38     1.4   15.7  STATUS             COMPLETED Removal of SNP-enriched Sites
2016-07-07 11:52:44     2.0   15.7    INFO             Working with a p-value threshold of 0.05
2016-07-07 11:52:46     2.2   15.7  STATUS             STARTED Greedycut
2016-07-07 11:53:04     2.3   15.7  STATUS                 Calculated a total of 1485 iterations
2016-07-07 11:53:04     2.3   15.7    INFO                 Optimal number of iterations is 1485
2016-07-07 11:53:08     2.3   15.7  STATUS                 Created ROC plot
2016-07-07 11:53:11     2.2   15.7  STATUS                 Created line plots for matrix dimensions and other statistics
2016-07-07 11:53:11     2.2   15.7  STATUS                 Saved removed sites to /projects/factorization/raw_data/results_with_adjustment/preprocessing_data/removed_sites_greedycut.csv
2016-07-07 11:53:11     2.2   15.7  STATUS             COMPLETED Greedycut
2016-07-07 11:53:11     2.2   15.7  STATUS             Retained 92 samples and 473974 sites
2016-07-07 11:53:11     2.2   15.7  STATUS         COMPLETED Filtering Procedures I
2016-07-07 11:53:11     2.2   15.7  STATUS         STARTED Summary of Filtering Procedures I
2016-07-07 11:53:11     2.2   15.7  STATUS             Creating summary table of removed sites, samples and unreliable measurements...
2016-07-07 11:53:24     2.0   15.7  STATUS             Saving table and figures...
2016-07-07 11:53:25     2.0   15.7  STATUS             Added summary table of removed and retained items
2016-07-07 11:53:25     2.0   15.7    INFO             Subsampling 485577 sites for plotting density distributions
2016-07-07 11:53:33     3.2   15.7  STATUS             Constructed sequences of removed and retained methylation values
2016-07-07 11:53:50     2.7   15.7  STATUS             Added comparison between removed and retained beta values
2016-07-07 11:53:50     2.7   15.7  STATUS         COMPLETED Summary of Filtering Procedures I
2016-07-07 11:53:50     2.7   15.7  STATUS         STARTED Manipulating the object
2016-07-07 12:08:58     1.8   18.3  STATUS             Removed 11603 sites (probes)
2016-07-07 12:08:58     1.8   18.3  STATUS         COMPLETED Manipulating the object
2016-07-07 12:08:59     1.8   18.3  STATUS         STARTED Normalization Procedure
2016-07-07 12:30:04     6.8   21.0  STATUS             Performed background subtraction with method methylumi.noob
2016-07-07 12:50:30     4.0   21.0  STATUS             Performed normalization with method "wm.dasen"
2016-07-07 12:51:17     4.0   21.0  STATUS             Added comparison between non-normalized and normalized beta values
2016-07-07 12:51:48     4.9   21.0  STATUS             Added histogram of observed beta shifts (magnitude of correction)
2016-07-07 12:51:49     4.9   21.0  STATUS             Added 2D histogram of observed beta values and shifts
2016-07-07 12:52:13     4.9   21.0  STATUS             Added normalization section
2016-07-07 12:52:13     4.9   21.0  STATUS         COMPLETED Normalization Procedure
2016-07-07 12:52:23     3.7   18.3  STATUS         STARTED Filtering Procedures II
2016-07-07 12:52:24     3.7   18.3  STATUS             STARTED Probe Context Removal
2016-07-07 12:52:24     3.7   18.3  STATUS                 Removed 3123 probe(s) having not acceptable context
2016-07-07 12:52:25     3.7   18.3  STATUS                 Saved removed sites to /projects/factorization/raw_data/results_with_adjustment/preprocessing_data/removed_sites_context.csv
2016-07-07 12:52:25     3.7   18.3  STATUS                 Added a corresponding section to the report
2016-07-07 12:52:25     3.7   18.3  STATUS             COMPLETED Probe Context Removal
2016-07-07 12:52:25     3.7   18.3  STATUS             STARTED Removal of Sites on Sex Chromosomes
2016-07-07 12:52:25     3.7   18.3  STATUS                 Removed 11079 site(s) on sex chromosomes
2016-07-07 12:52:25     3.7   18.3  STATUS                 Saved removed sites to /projects/factorization/raw_data/results_with_adjustment/preprocessing_data/removed_sites_sex.csv
2016-07-07 12:52:25     3.7   18.3  STATUS                 Added a corresponding section to the report
2016-07-07 12:52:25     3.7   18.3  STATUS             COMPLETED Removal of Sites on Sex Chromosomes
2016-07-07 12:52:25     3.7   18.3  STATUS             Retained 92 samples and 459772 sites
2016-07-07 12:52:25     3.7   18.3  STATUS         COMPLETED Filtering Procedures II
2016-07-07 12:52:34     3.7   18.3  STATUS         STARTED Summary of Filtering Procedures II
2016-07-07 12:52:34     3.7   18.3  STATUS             Creating summary table of removed sites, samples and unreliable measurements...
2016-07-07 12:52:52     3.7   18.3  STATUS             Saving table and figures...
2016-07-07 12:52:52     3.7   18.3  STATUS             Added summary table of removed and retained items
2016-07-07 12:52:53     3.7   18.3    INFO             Subsampling 473974 sites for plotting density distributions
2016-07-07 12:53:01     3.7   18.3  STATUS             Constructed sequences of removed and retained methylation values
2016-07-07 12:53:19     3.7   18.3  STATUS             Added comparison between removed and retained beta values
2016-07-07 12:53:19     3.7   18.3  STATUS         COMPLETED Summary of Filtering Procedures II
2016-07-07 12:53:19     3.7   18.3  STATUS         STARTED Manipulating the object
2016-07-07 13:08:35     3.7   20.9  STATUS             Removed 14202 sites (probes)
2016-07-07 13:08:35     3.7   20.9  STATUS         COMPLETED Manipulating the object
2016-07-07 13:08:42     3.6   18.2  STATUS     COMPLETED Preprocessing
2016-07-07 13:10:46     3.6   15.5    INFO     Initialized report index and saved to index.html
2016-07-07 13:10:52     3.6   15.5  STATUS     STARTED Tracks and Tables
2016-07-07 13:10:52     3.6   15.5    INFO         Number of cores: 1
2016-07-07 13:10:52     3.6   15.5  STATUS         STARTED Generating Tracks and Tables
2016-07-07 13:10:52     3.6   15.5  STATUS             STARTED Exporting sites
2016-07-07 13:10:52     3.6   15.5  STATUS                 STARTED Creating Track Hub -- bigBed
2016-07-07 13:10:52     3.6   15.5  STATUS                     STARTED Conversion to BED
2016-07-07 13:10:52     3.6   15.5  STATUS                         Converting to GRangesList
2016-07-07 13:11:44     3.6   15.5  STATUS                         Exporting sample 1
2016-07-07 13:11:49     3.6   15.5  STATUS                         Exporting sample 2
2016-07-07 13:11:54     3.6   15.5  STATUS                         Exporting sample 3
2016-07-07 13:11:59     3.6   15.5  STATUS                         Exporting sample 4
2016-07-07 13:12:04     3.6   15.5  STATUS                         Exporting sample 5
2016-07-07 13:12:09     3.6   15.5  STATUS                         Exporting sample 6
2016-07-07 13:12:15     3.6   15.5  STATUS                         Exporting sample 7
2016-07-07 13:12:20     3.6   15.5  STATUS                         Exporting sample 8
2016-07-07 13:12:24     3.6   15.5  STATUS                         Exporting sample 9
2016-07-07 13:12:29     3.6   15.5  STATUS                         Exporting sample 10
2016-07-07 13:12:34     3.6   15.5  STATUS                         Exporting sample 11
2016-07-07 13:12:39     3.6   15.5  STATUS                         Exporting sample 12
2016-07-07 13:12:44     3.6   15.5  STATUS                         Exporting sample 13
2016-07-07 13:12:49     3.6   15.5  STATUS                         Exporting sample 14
2016-07-07 13:12:54     3.6   15.5  STATUS                         Exporting sample 15
2016-07-07 13:12:59     3.6   15.5  STATUS                         Exporting sample 16
2016-07-07 13:13:03     3.6   15.5  STATUS                         Exporting sample 17
2016-07-07 13:13:08     3.6   15.5  STATUS                         Exporting sample 18
2016-07-07 13:13:13     3.6   15.5  STATUS                         Exporting sample 19
2016-07-07 13:13:18     3.6   15.5  STATUS                         Exporting sample 20
2016-07-07 13:13:23     3.6   15.5  STATUS                         Exporting sample 21
2016-07-07 13:13:28     3.6   15.5  STATUS                         Exporting sample 22
2016-07-07 13:13:33     3.6   15.5  STATUS                         Exporting sample 23
2016-07-07 13:13:38     3.6   15.5  STATUS                         Exporting sample 24
2016-07-07 13:13:42     3.6   15.5  STATUS                         Exporting sample 25
2016-07-07 13:13:47     3.6   15.5  STATUS                         Exporting sample 26
2016-07-07 13:13:52     3.6   15.5  STATUS                         Exporting sample 27
2016-07-07 13:13:57     3.6   15.5  STATUS                         Exporting sample 28
2016-07-07 13:14:02     3.6   15.5  STATUS                         Exporting sample 29
2016-07-07 13:14:06     3.6   15.5  STATUS                         Exporting sample 30
2016-07-07 13:14:11     3.6   15.5  STATUS                         Exporting sample 31
2016-07-07 13:14:16     3.6   15.5  STATUS                         Exporting sample 32
2016-07-07 13:14:21     3.6   15.5  STATUS                         Exporting sample 33
2016-07-07 13:14:26     3.6   15.5  STATUS                         Exporting sample 34
2016-07-07 13:14:30     3.6   15.5  STATUS                         Exporting sample 35
2016-07-07 13:14:35     3.6   15.5  STATUS                         Exporting sample 36
2016-07-07 13:14:40     3.6   15.5  STATUS                         Exporting sample 37
2016-07-07 13:14:45     3.6   15.5  STATUS                         Exporting sample 38
2016-07-07 13:14:50     3.6   15.5  STATUS                         Exporting sample 39
2016-07-07 13:14:54     3.6   15.5  STATUS                         Exporting sample 40
2016-07-07 13:14:59     3.6   15.5  STATUS                         Exporting sample 41
2016-07-07 13:15:04     3.6   15.5  STATUS                         Exporting sample 42
2016-07-07 13:15:09     3.6   15.5  STATUS                         Exporting sample 43
2016-07-07 13:15:14     3.6   15.5  STATUS                         Exporting sample 44
2016-07-07 13:15:19     3.6   15.5  STATUS                         Exporting sample 45
2016-07-07 13:15:24     3.6   15.5  STATUS                         Exporting sample 46
2016-07-07 13:15:29     3.6   15.5  STATUS                         Exporting sample 47
2016-07-07 13:15:33     3.6   15.5  STATUS                         Exporting sample 48
2016-07-07 13:15:38     3.6   15.5  STATUS                         Exporting sample 49
2016-07-07 13:15:43     3.6   15.5  STATUS                         Exporting sample 50
2016-07-07 13:15:48     3.6   15.5  STATUS                         Exporting sample 51
2016-07-07 13:15:52     3.6   15.5  STATUS                         Exporting sample 52
2016-07-07 13:15:57     3.6   15.5  STATUS                         Exporting sample 53
2016-07-07 13:16:02     3.6   15.5  STATUS                         Exporting sample 54
2016-07-07 13:16:07     3.6   15.5  STATUS                         Exporting sample 55
2016-07-07 13:16:11     3.6   15.5  STATUS                         Exporting sample 56
2016-07-07 13:16:16     3.6   15.5  STATUS                         Exporting sample 57
2016-07-07 13:16:21     3.6   15.5  STATUS                         Exporting sample 58
2016-07-07 13:16:26     3.6   15.5  STATUS                         Exporting sample 59
2016-07-07 13:16:31     3.6   15.5  STATUS                         Exporting sample 60
2016-07-07 13:16:36     3.6   15.5  STATUS                         Exporting sample 61
2016-07-07 13:16:40     3.6   15.5  STATUS                         Exporting sample 62
2016-07-07 13:16:45     3.6   15.5  STATUS                         Exporting sample 63
2016-07-07 13:16:50     3.6   15.5  STATUS                         Exporting sample 64
2016-07-07 13:16:55     3.6   15.5  STATUS                         Exporting sample 65
2016-07-07 13:17:00     3.6   15.5  STATUS                         Exporting sample 66
2016-07-07 13:17:04     3.6   15.5  STATUS                         Exporting sample 67
2016-07-07 13:17:09     3.6   15.5  STATUS                         Exporting sample 68
2016-07-07 13:17:14     3.6   15.5  STATUS                         Exporting sample 69
2016-07-07 13:17:19     3.6   15.5  STATUS                         Exporting sample 70
2016-07-07 13:17:24     3.6   15.5  STATUS                         Exporting sample 71
2016-07-07 13:17:28     3.6   15.5  STATUS                         Exporting sample 72
2016-07-07 13:17:33     3.6   15.5  STATUS                         Exporting sample 73
2016-07-07 13:17:38     3.6   15.5  STATUS                         Exporting sample 74
2016-07-07 13:17:43     3.6   15.5  STATUS                         Exporting sample 75
2016-07-07 13:17:48     3.6   15.5  STATUS                         Exporting sample 76
2016-07-07 13:17:53     3.6   15.5  STATUS                         Exporting sample 77
2016-07-07 13:17:58     3.6   15.5  STATUS                         Exporting sample 78
2016-07-07 13:18:02     3.6   15.5  STATUS                         Exporting sample 79
2016-07-07 13:18:07     3.6   15.5  STATUS                         Exporting sample 80
2016-07-07 13:18:12     3.6   15.5  STATUS                         Exporting sample 81
2016-07-07 13:18:17     3.6   15.5  STATUS                         Exporting sample 82
2016-07-07 13:18:22     3.6   15.5  STATUS                         Exporting sample 83
2016-07-07 13:18:27     3.6   15.5  STATUS                         Exporting sample 84
2016-07-07 13:18:32     3.6   15.5  STATUS                         Exporting sample 85
2016-07-07 13:18:37     3.6   15.5  STATUS                         Exporting sample 86
2016-07-07 13:18:42     3.6   15.5  STATUS                         Exporting sample 87
2016-07-07 13:18:47     3.6   15.5  STATUS                         Exporting sample 88
2016-07-07 13:18:53     3.6   15.5  STATUS                         Exporting sample 89
2016-07-07 13:18:58     3.6   15.5  STATUS                         Exporting sample 90
2016-07-07 13:19:04     3.6   15.5  STATUS                         Exporting sample 91
2016-07-07 13:19:09     3.6   15.5  STATUS                         Exporting sample 92
2016-07-07 13:19:14     3.6   15.5  STATUS                     COMPLETED Conversion to BED
2016-07-07 13:19:15     3.6   15.5  STATUS                     STARTED Creating Track Hub
2016-07-07 13:23:59     3.6   15.5  STATUS                     COMPLETED Creating Track Hub
2016-07-07 13:23:59     3.6   15.5  STATUS                 COMPLETED Creating Track Hub -- bigBed
2016-07-07 13:23:59     3.6   15.5  STATUS                 STARTED Creating UCSC Track Hub -- bigWig
2016-07-07 13:23:59     3.6   15.5  STATUS                     STARTED Conversion to bedGraph
2016-07-07 13:25:51     3.6   15.5  STATUS                     COMPLETED Conversion to bedGraph
2016-07-07 13:25:51     3.6   15.5  STATUS                     STARTED Creating Track Hub
2016-07-07 13:27:30     3.6   15.5  STATUS                     COMPLETED Creating Track Hub
2016-07-07 13:27:30     3.6   15.5  STATUS                 COMPLETED Creating UCSC Track Hub -- bigWig
2016-07-07 13:27:30     3.6   15.5  STATUS             COMPLETED Exporting sites
2016-07-07 13:27:30     3.6   15.5  STATUS         COMPLETED Generating Tracks and Tables
2016-07-07 13:27:30     3.6   15.5  STATUS         STARTED Writing export report
2016-07-07 13:29:39     3.6   15.5  STATUS         COMPLETED Writing export report
2016-07-07 13:29:39     3.6   15.5  STATUS     COMPLETED Tracks and Tables
2016-07-07 13:29:39     3.6   15.5    INFO     Initialized report index and saved to index.html
2016-07-07 13:29:39     3.6   15.5  STATUS     STARTED Covariate Inference
2016-07-07 13:29:39     3.6   15.5    INFO         Number of cores: 1
2016-07-07 13:29:39     3.6   15.5  STATUS     COMPLETED Covariate Inference
2016-07-07 13:31:37     3.6   15.5    INFO     Initialized report index and saved to index.html
2016-07-07 13:31:46     3.6   15.5  STATUS     STARTED Exploratory Analysis
2016-07-07 13:31:46     3.6   15.5    INFO         Number of cores: 1
2016-07-07 13:31:46     3.6   15.5  STATUS         Designed color mappings for probe type and CGI status
2016-07-07 13:32:19     3.7   15.5  STATUS         STARTED Dimension Reduction Techniques
2016-07-07 13:32:27     3.7   15.5  STATUS             STARTED MDS
2016-07-07 13:33:26     3.7   15.5  STATUS                 Calculated MDS coordinates using manhattan distance
2016-07-07 13:34:36     3.7   15.5  STATUS                 Calculated MDS coordinates using euclidean distance
2016-07-07 13:34:36     3.7   15.5  STATUS             COMPLETED MDS
2016-07-07 13:34:36     3.7   15.5  STATUS             STARTED PCA
2016-07-07 13:35:03     3.7   15.5  STATUS             COMPLETED PCA
2016-07-07 13:35:05     3.7   15.5  STATUS             STARTED MDS
2016-07-07 13:35:23     3.7   15.5  STATUS                 Calculated MDS coordinates using manhattan distance
2016-07-07 13:35:41     3.7   15.5  STATUS                 Calculated MDS coordinates using euclidean distance
2016-07-07 13:35:41     3.7   15.5  STATUS             COMPLETED MDS
2016-07-07 13:35:41     3.7   15.5  STATUS             STARTED PCA
2016-07-07 13:35:50     3.7   15.5  STATUS             COMPLETED PCA
2016-07-07 13:35:51     3.7   15.5  STATUS             STARTED MDS
2016-07-07 13:35:53     3.7   15.5  STATUS                 Calculated MDS coordinates using manhattan distance
2016-07-07 13:35:56     3.7   15.5  STATUS                 Calculated MDS coordinates using euclidean distance
2016-07-07 13:35:56     3.7   15.5  STATUS             COMPLETED MDS
2016-07-07 13:35:56     3.7   15.5  STATUS             STARTED PCA
2016-07-07 13:35:58     3.7   15.5  STATUS             COMPLETED PCA
2016-07-07 13:35:59     3.7   15.5  STATUS             STARTED MDS
2016-07-07 13:36:02     3.7   15.5  STATUS                 Calculated MDS coordinates using manhattan distance
2016-07-07 13:36:05     3.7   15.5  STATUS                 Calculated MDS coordinates using euclidean distance
2016-07-07 13:36:05     3.7   15.5  STATUS             COMPLETED MDS
2016-07-07 13:36:05     3.7   15.5  STATUS             STARTED PCA
2016-07-07 13:36:07     3.7   15.5  STATUS             COMPLETED PCA
2016-07-07 13:36:08     3.7   15.5  STATUS             STARTED MDS
2016-07-07 13:36:09     3.7   15.5  STATUS                 Calculated MDS coordinates using manhattan distance
2016-07-07 13:36:11     3.7   15.5  STATUS                 Calculated MDS coordinates using euclidean distance
2016-07-07 13:36:11     3.7   15.5  STATUS             COMPLETED MDS
2016-07-07 13:36:11     3.7   15.5  STATUS             STARTED PCA
2016-07-07 13:36:12     3.7   15.5  STATUS             COMPLETED PCA
2016-07-07 13:36:13     3.7   15.5    INFO             Mapping 7 traits to point colors and types
2016-07-07 14:03:32     3.7   15.5    INFO             Principal components that explain at least 95 % of the total variance: 55
2016-07-07 14:03:32     3.7   15.5    INFO             Saved percentage of total variance to pca_variance_explained_1.csv
2016-07-07 14:03:33     3.7   15.5    INFO             Principal components that explain at least 95 % of the total variance: 52
2016-07-07 14:03:33     3.7   15.5    INFO             Saved percentage of total variance to pca_variance_explained_2.csv
2016-07-07 14:03:34     3.7   15.5    INFO             Principal components that explain at least 95 % of the total variance: 52
2016-07-07 14:03:34     3.7   15.5    INFO             Saved percentage of total variance to pca_variance_explained_3.csv
2016-07-07 14:03:35     3.7   15.5    INFO             Principal components that explain at least 95 % of the total variance: 51
2016-07-07 14:03:35     3.7   15.5    INFO             Saved percentage of total variance to pca_variance_explained_4.csv
2016-07-07 14:03:36     3.7   15.5    INFO             Principal components that explain at least 95 % of the total variance: 56
2016-07-07 14:03:36     3.7   15.5    INFO             Saved percentage of total variance to pca_variance_explained_5.csv
2016-07-07 14:03:36     3.7   15.5  STATUS             Created scatter plots and CDFs summarizing the reduced dimensional representations
2016-07-07 14:03:36     3.7   15.5  STATUS         COMPLETED Dimension Reduction Techniques
2016-07-07 14:03:36     3.7   15.5  STATUS         STARTED Tests for Associations
2016-07-07 14:03:36     3.7   15.5    INFO             Testing the following traits for associations: Sentrix_ID; Sentrix_Position; diseaseState; age; gender; smokingStatus; CellType; AnalysisGroup; Predicted Male Probability; Predicted Gender
2016-07-07 14:03:37     3.7   15.5  STATUS             Created 10000 sample permutations
2016-07-07 14:06:04     3.7   15.5  STATUS             Computed correlations between principal components and traits.
2016-07-07 14:06:16     3.7   15.5  STATUS             Computed pairwise correlations between traits.
2016-07-07 14:06:16     3.7   15.5  STATUS         COMPLETED Tests for Associations
2016-07-07 14:06:28     3.7   15.5  STATUS         STARTED Quality-associated Batch Effects
2016-07-07 14:10:39     3.7   15.5  STATUS             Computed associations between 8 principal component(s) and bisulfite conversion I for sites
2016-07-07 14:12:03     3.7   15.5  STATUS             Computed associations between 8 principal component(s) and bisulfite conversion II for sites
2016-07-07 14:13:28     3.7   15.5  STATUS             Computed associations between 8 principal component(s) and extension for sites
2016-07-07 14:14:31     3.7   15.5  STATUS             Computed associations between 8 principal component(s) and hybridization for sites
2016-07-07 14:15:55     3.7   15.5  STATUS             Computed associations between 8 principal component(s) and non-polymorphic for sites
2016-07-07 14:19:59     3.7   15.5  STATUS             Computed associations between 8 principal component(s) and specificity I for sites
2016-07-07 14:21:04     3.7   15.5  STATUS             Computed associations between 8 principal component(s) and specificity II for sites
2016-07-07 14:22:27     3.7   15.5  STATUS             Computed associations between 8 principal component(s) and staining for sites
2016-07-07 14:23:10     3.7   15.5  STATUS             Computed associations between 8 principal component(s) and target removal for sites
2016-07-07 14:27:12     3.7   15.5  STATUS             Computed associations between 8 principal component(s) and bisulfite conversion I for tiling
2016-07-07 14:28:34     3.7   15.5  STATUS             Computed associations between 8 principal component(s) and bisulfite conversion II for tiling
2016-07-07 14:29:59     3.7   15.5  STATUS             Computed associations between 8 principal component(s) and extension for tiling
2016-07-07 14:31:00     3.7   15.5  STATUS             Computed associations between 8 principal component(s) and hybridization for tiling
2016-07-07 14:32:25     3.7   15.5  STATUS             Computed associations between 8 principal component(s) and non-polymorphic for tiling
2016-07-07 14:36:31     3.7   15.5  STATUS             Computed associations between 8 principal component(s) and specificity I for tiling
2016-07-07 14:37:37     3.7   15.5  STATUS             Computed associations between 8 principal component(s) and specificity II for tiling
2016-07-07 14:39:05     3.7   15.5  STATUS             Computed associations between 8 principal component(s) and staining for tiling
2016-07-07 14:39:49     3.7   15.5  STATUS             Computed associations between 8 principal component(s) and target removal for tiling
2016-07-07 14:44:03     3.7   15.5  STATUS             Computed associations between 8 principal component(s) and bisulfite conversion I for genes
2016-07-07 14:45:27     3.7   15.5  STATUS             Computed associations between 8 principal component(s) and bisulfite conversion II for genes
2016-07-07 14:46:54     3.7   15.5  STATUS             Computed associations between 8 principal component(s) and extension for genes
2016-07-07 14:47:59     3.7   15.5  STATUS             Computed associations between 8 principal component(s) and hybridization for genes
2016-07-07 14:49:27     3.7   15.5  STATUS             Computed associations between 8 principal component(s) and non-polymorphic for genes
2016-07-07 14:53:33     3.7   15.5  STATUS             Computed associations between 8 principal component(s) and specificity I for genes
2016-07-07 14:54:34     3.7   15.5  STATUS             Computed associations between 8 principal component(s) and specificity II for genes
2016-07-07 14:56:03     3.7   15.5  STATUS             Computed associations between 8 principal component(s) and staining for genes
2016-07-07 14:56:46     3.7   15.5  STATUS             Computed associations between 8 principal component(s) and target removal for genes
2016-07-07 15:00:57     3.7   15.5  STATUS             Computed associations between 8 principal component(s) and bisulfite conversion I for promoters
2016-07-07 15:02:22     3.7   15.5  STATUS             Computed associations between 8 principal component(s) and bisulfite conversion II for promoters
2016-07-07 15:03:48     3.7   15.5  STATUS             Computed associations between 8 principal component(s) and extension for promoters
2016-07-07 15:04:54     3.7   15.5  STATUS             Computed associations between 8 principal component(s) and hybridization for promoters
2016-07-07 15:06:18     3.7   15.5  STATUS             Computed associations between 8 principal component(s) and non-polymorphic for promoters
2016-07-07 15:10:29     3.7   15.5  STATUS             Computed associations between 8 principal component(s) and specificity I for promoters
2016-07-07 15:11:33     3.7   15.5  STATUS             Computed associations between 8 principal component(s) and specificity II for promoters
2016-07-07 15:12:57     3.7   15.5  STATUS             Computed associations between 8 principal component(s) and staining for promoters
2016-07-07 15:13:40     3.7   15.5  STATUS             Computed associations between 8 principal component(s) and target removal for promoters
2016-07-07 15:17:48     3.7   15.5  STATUS             Computed associations between 8 principal component(s) and bisulfite conversion I for cpgislands
2016-07-07 15:19:15     3.7   15.5  STATUS             Computed associations between 8 principal component(s) and bisulfite conversion II for cpgislands
2016-07-07 15:20:37     3.7   15.5  STATUS             Computed associations between 8 principal component(s) and extension for cpgislands
2016-07-07 15:21:42     3.7   15.5  STATUS             Computed associations between 8 principal component(s) and hybridization for cpgislands
2016-07-07 15:23:05     3.7   15.5  STATUS             Computed associations between 8 principal component(s) and non-polymorphic for cpgislands
2016-07-07 15:27:10     3.7   15.5  STATUS             Computed associations between 8 principal component(s) and specificity I for cpgislands
2016-07-07 15:28:13     3.7   15.5  STATUS             Computed associations between 8 principal component(s) and specificity II for cpgislands
2016-07-07 15:29:36     3.7   15.5  STATUS             Computed associations between 8 principal component(s) and staining for cpgislands
2016-07-07 15:30:18     3.7   15.5  STATUS             Computed associations between 8 principal component(s) and target removal for cpgislands
2016-07-07 15:32:48     3.7   15.5  STATUS             Added heatmaps of correlation between principal components and signal levels of Q probes
2016-07-07 15:32:48     3.7   15.5  STATUS         COMPLETED Quality-associated Batch Effects
2016-07-07 15:32:58     3.7   15.5  STATUS         STARTED Methylation Value Distributions - Sample Groups
2016-07-07 15:32:58     3.7   15.5    INFO             processing beta_density_samples_1_1
2016-07-07 15:33:00     3.7   15.5    INFO             Density estimation ( all samples--sites ): Groupwise retained observations after missing value removal: all:42299024/42299024
2016-07-07 15:33:02     3.7   15.5    INFO             Density estimation ( all samples--sites ): Groupwise retained observations after subsampling: all:1000000/42299024
2016-07-07 15:33:16     3.7   15.5    INFO             processing beta_density_samples_1_2
2016-07-07 15:33:16     3.7   15.5    INFO             Density estimation ( all samples--tiling ): Groupwise retained observations after missing value removal: all:12077852/12077852
2016-07-07 15:33:17     3.7   15.5    INFO             Density estimation ( all samples--tiling ): Groupwise retained observations after subsampling: all:1000000/12077852
2016-07-07 15:33:29     3.7   15.5    INFO             processing beta_density_samples_1_3
2016-07-07 15:33:29     3.7   15.5    INFO             Density estimation ( all samples--genes ): Groupwise retained observations after missing value removal: all:2737828/2737828
2016-07-07 15:33:29     3.7   15.5    INFO             Density estimation ( all samples--genes ): Groupwise retained observations after subsampling: all:1000000/2737828
2016-07-07 15:33:41     3.7   15.5    INFO             processing beta_density_samples_1_4
2016-07-07 15:33:41     3.7   15.5    INFO             Density estimation ( all samples--promoters ): Groupwise retained observations after missing value removal: all:2753836/2753836
2016-07-07 15:33:41     3.7   15.5    INFO             Density estimation ( all samples--promoters ): Groupwise retained observations after subsampling: all:1000000/2753836
2016-07-07 15:33:53     3.7   15.5    INFO             processing beta_density_samples_1_5
2016-07-07 15:33:53     3.7   15.5    INFO             Density estimation ( all samples--cpgislands ): Groupwise retained observations after missing value removal: all:2376912/2376912
2016-07-07 15:33:53     3.7   15.5    INFO             Density estimation ( all samples--cpgislands ): Groupwise retained observations after subsampling: all:1000000/2376912
2016-07-07 15:34:05     3.7   15.5    INFO             processing beta_density_samples_2_1
2016-07-07 15:34:06     3.7   15.5    INFO             Density estimation ( Sentrix_ID--sites ): Groupwise retained observations after missing value removal: 5684819001:1379316/1379316; 5684819004:5517264/5517264; 5727920027:1379316/1379316; 5727920033:5517264/5517264; 5727920038:5517264/5517264; 7800246024:5517264/5517264; 7800246085:5517264/5517264; 7800246087:5517264/5517264; 7800246123:5517264/5517264; 7800246132:919544/919544
2016-07-07 15:34:08     3.7   15.5    INFO             Density estimation ( Sentrix_ID--sites ): Groupwise retained observations after subsampling: 5684819001:326087/1379316; 5684819004:1304348/5517264; 5727920027:326087/1379316; 5727920033:1304348/5517264; 5727920038:1304348/5517264; 7800246024:1304348/5517264; 7800246085:1304348/5517264; 7800246087:1304348/5517264; 7800246123:1304348/5517264; 7800246132:217391/919544
2016-07-07 15:35:09     3.7   15.5    INFO             processing beta_density_samples_2_2
2016-07-07 15:35:10     3.7   15.5    INFO             Density estimation ( Sentrix_ID--tiling ): Groupwise retained observations after missing value removal: 5684819001:393843/393843; 5684819004:1575372/1575372; 5727920027:393843/393843; 5727920033:1575372/1575372; 5727920038:1575372/1575372; 7800246024:1575372/1575372; 7800246085:1575372/1575372; 7800246087:1575372/1575372; 7800246123:1575372/1575372; 7800246132:262562/262562
2016-07-07 15:35:11     3.7   15.5    INFO             Density estimation ( Sentrix_ID--tiling ): Groupwise retained observations after subsampling: 5684819001:326087/393843; 5684819004:1304348/1575372; 5727920027:326087/393843; 5727920033:1304348/1575372; 5727920038:1304348/1575372; 7800246024:1304348/1575372; 7800246085:1304348/1575372; 7800246087:1304348/1575372; 7800246123:1304348/1575372; 7800246132:217391/262562
2016-07-07 15:36:06     3.7   15.5    INFO             processing beta_density_samples_2_3
2016-07-07 15:36:06     3.7   15.5    INFO             Density estimation ( Sentrix_ID--genes ): Groupwise retained observations after missing value removal: 5684819001:89277/89277; 5684819004:357108/357108; 5727920027:89277/89277; 5727920033:357108/357108; 5727920038:357108/357108; 7800246024:357108/357108; 7800246085:357108/357108; 7800246087:357108/357108; 7800246123:357108/357108; 7800246132:59518/59518
2016-07-07 15:36:26     3.7   15.5    INFO             processing beta_density_samples_2_4
2016-07-07 15:36:27     3.7   15.5    INFO             Density estimation ( Sentrix_ID--promoters ): Groupwise retained observations after missing value removal: 5684819001:89799/89799; 5684819004:359196/359196; 5727920027:89799/89799; 5727920033:359196/359196; 5727920038:359196/359196; 7800246024:359196/359196; 7800246085:359196/359196; 7800246087:359196/359196; 7800246123:359196/359196; 7800246132:59866/59866
2016-07-07 15:36:48     3.7   15.5    INFO             processing beta_density_samples_2_5
2016-07-07 15:36:48     3.7   15.5    INFO             Density estimation ( Sentrix_ID--cpgislands ): Groupwise retained observations after missing value removal: 5684819001:77508/77508; 5684819004:310032/310032; 5727920027:77508/77508; 5727920033:310032/310032; 5727920038:310032/310032; 7800246024:310032/310032; 7800246085:310032/310032; 7800246087:310032/310032; 7800246123:310032/310032; 7800246132:51672/51672
2016-07-07 15:37:07     3.7   15.5    INFO             processing beta_density_samples_3_1
2016-07-07 15:37:08     3.7   15.5    INFO             Density estimation ( Sentrix_Position--sites ): Groupwise retained observations after missing value removal: R01C01:3678176/3678176; R01C02:3218404/3218404; R02C01:3678176/3678176; R02C02:3218404/3218404; R03C01:3218404/3218404; R03C02:3218404/3218404; R04C01:3218404/3218404; R04C02:4137948/4137948; R05C01:3218404/3218404; R05C02:4137948/4137948; R06C01:3218404/3218404; R06C02:4137948/4137948
2016-07-07 15:37:11     3.7   15.5    INFO             Density estimation ( Sentrix_Position--sites ): Groupwise retained observations after subsampling: R01C01:1043478/3678176; R01C02:913043/3218404; R02C01:1043478/3678176; R02C02:913043/3218404; R03C01:913043/3218404; R03C02:913043/3218404; R04C01:913043/3218404; R04C02:1173913/4137948; R05C01:913043/3218404; R05C02:1173913/4137948; R06C01:913043/3218404; R06C02:1173913/4137948
2016-07-07 15:38:20     3.7   15.5    INFO             processing beta_density_samples_3_2
2016-07-07 15:38:20     3.7   15.5    INFO             Density estimation ( Sentrix_Position--tiling ): Groupwise retained observations after missing value removal: R01C01:1050248/1050248; R01C02:918967/918967; R02C01:1050248/1050248; R02C02:918967/918967; R03C01:918967/918967; R03C02:918967/918967; R04C01:918967/918967; R04C02:1181529/1181529; R05C01:918967/918967; R05C02:1181529/1181529; R06C01:918967/918967; R06C02:1181529/1181529
2016-07-07 15:38:21     3.7   15.5    INFO             Density estimation ( Sentrix_Position--tiling ): Groupwise retained observations after subsampling: R01C01:1043478/1050248; R01C02:913043/918967; R02C01:1043478/1050248; R02C02:913043/918967; R03C01:913043/918967; R03C02:913043/918967; R04C01:913043/918967; R04C02:1173913/1181529; R05C01:913043/918967; R05C02:1173913/1181529; R06C01:913043/918967; R06C02:1173913/1181529
2016-07-07 15:39:30     3.7   15.5    INFO             processing beta_density_samples_3_3
2016-07-07 15:39:30     3.7   15.5    INFO             Density estimation ( Sentrix_Position--genes ): Groupwise retained observations after missing value removal: R01C01:238072/238072; R01C02:208313/208313; R02C01:238072/238072; R02C02:208313/208313; R03C01:208313/208313; R03C02:208313/208313; R04C01:208313/208313; R04C02:267831/267831; R05C01:208313/208313; R05C02:267831/267831; R06C01:208313/208313; R06C02:267831/267831
2016-07-07 15:39:52     3.7   15.5    INFO             processing beta_density_samples_3_4
2016-07-07 15:39:53     3.7   15.5    INFO             Density estimation ( Sentrix_Position--promoters ): Groupwise retained observations after missing value removal: R01C01:239464/239464; R01C02:209531/209531; R02C01:239464/239464; R02C02:209531/209531; R03C01:209531/209531; R03C02:209531/209531; R04C01:209531/209531; R04C02:269397/269397; R05C01:209531/209531; R05C02:269397/269397; R06C01:209531/209531; R06C02:269397/269397
2016-07-07 15:40:15     3.7   15.5    INFO             processing beta_density_samples_3_5
2016-07-07 15:40:15     3.7   15.5    INFO             Density estimation ( Sentrix_Position--cpgislands ): Groupwise retained observations after missing value removal: R01C01:206688/206688; R01C02:180852/180852; R02C01:206688/206688; R02C02:180852/180852; R03C01:180852/180852; R03C02:180852/180852; R04C01:180852/180852; R04C02:232524/232524; R05C01:180852/180852; R05C02:232524/232524; R06C01:180852/180852; R06C02:232524/232524
2016-07-07 15:40:37     3.7   15.5    INFO             processing beta_density_samples_4_1
2016-07-07 15:40:39     3.7   15.5    INFO             Density estimation ( diseaseState--sites ): Groupwise retained observations after missing value removal: Normal:17471336/17471336; RheumatoidArthritis:5517264/5517264
2016-07-07 15:40:40     3.7   15.5    INFO             Density estimation ( diseaseState--sites ): Groupwise retained observations after subsampling: Normal:1520000/17471336; RheumatoidArthritis:480000/5517264
2016-07-07 15:41:00     3.7   15.5    INFO             processing beta_density_samples_4_2
2016-07-07 15:41:00     3.7   15.5    INFO             Density estimation ( diseaseState--tiling ): Groupwise retained observations after missing value removal: Normal:4988678/4988678; RheumatoidArthritis:1575372/1575372
2016-07-07 15:41:01     3.7   15.5    INFO             Density estimation ( diseaseState--tiling ): Groupwise retained observations after subsampling: Normal:1520000/4988678; RheumatoidArthritis:480000/1575372
2016-07-07 15:41:20     3.7   15.5    INFO             processing beta_density_samples_4_3
2016-07-07 15:41:20     3.7   15.5    INFO             Density estimation ( diseaseState--genes ): Groupwise retained observations after missing value removal: Normal:1130842/1130842; RheumatoidArthritis:357108/357108
2016-07-07 15:41:37     3.7   15.5    INFO             processing beta_density_samples_4_4
2016-07-07 15:41:37     3.7   15.5    INFO             Density estimation ( diseaseState--promoters ): Groupwise retained observations after missing value removal: Normal:1137454/1137454; RheumatoidArthritis:359196/359196
2016-07-07 15:41:54     3.7   15.5    INFO             processing beta_density_samples_4_5
2016-07-07 15:41:55     3.7   15.5    INFO             Density estimation ( diseaseState--cpgislands ): Groupwise retained observations after missing value removal: Normal:981768/981768; RheumatoidArthritis:310032/310032
2016-07-07 15:42:10     3.7   15.5    INFO             processing beta_density_samples_5_1
2016-07-07 15:42:13     3.7   15.5    INFO             Density estimation ( gender--sites ): Groupwise retained observations after missing value removal: f:15172476/15172476; m:7816124/7816124
2016-07-07 15:42:14     3.7   15.5    INFO             Density estimation ( gender--sites ): Groupwise retained observations after subsampling: f:1320000/15172476; m:680000/7816124
2016-07-07 15:42:33     3.7   15.5    INFO             processing beta_density_samples_5_2
2016-07-07 15:42:34     3.7   15.5    INFO             Density estimation ( gender--tiling ): Groupwise retained observations after missing value removal: f:4332273/4332273; m:2231777/2231777
2016-07-07 15:42:35     3.7   15.5    INFO             Density estimation ( gender--tiling ): Groupwise retained observations after subsampling: f:1320000/4332273; m:680000/2231777
2016-07-07 15:42:54     3.7   15.5    INFO             processing beta_density_samples_5_3
2016-07-07 15:42:54     3.7   15.5    INFO             Density estimation ( gender--genes ): Groupwise retained observations after missing value removal: f:982047/982047; m:505903/505903
2016-07-07 15:43:11     3.7   15.5    INFO             processing beta_density_samples_5_4
2016-07-07 15:43:11     3.7   15.5    INFO             Density estimation ( gender--promoters ): Groupwise retained observations after missing value removal: f:987789/987789; m:508861/508861
2016-07-07 15:43:28     3.7   15.5    INFO             processing beta_density_samples_5_5
2016-07-07 15:43:28     3.7   15.5    INFO             Density estimation ( gender--cpgislands ): Groupwise retained observations after missing value removal: f:852588/852588; m:439212/439212
2016-07-07 15:43:44     3.7   15.5    INFO             processing beta_density_samples_6_1
2016-07-07 15:43:52     4.2   15.5    INFO             Density estimation ( CellType--sites ): Groupwise retained observations after missing value removal: CD14+ Monocytes:2758632/2758632; CD19+ B-cells:2758632/2758632; CD4+ T-cells:2758632/2758632; CD56+ NK-cells:2758632/2758632; CD8+ T-cells:2758632/2758632; Eosinophils:2758632/2758632; Neutrophils:2758632/2758632
2016-07-07 15:43:55     4.0   15.5    INFO             Density estimation ( CellType--sites ): Groupwise retained observations after subsampling: CD14+ Monocytes:1000000/2758632; CD19+ B-cells:1000000/2758632; CD4+ T-cells:1000000/2758632; CD56+ NK-cells:1000000/2758632; CD8+ T-cells:1000000/2758632; Eosinophils:1000000/2758632; Neutrophils:1000000/2758632
2016-07-07 15:44:38     3.6   15.5    INFO             processing beta_density_samples_6_2
2016-07-07 15:44:40     3.6   15.5    INFO             Density estimation ( CellType--tiling ): Groupwise retained observations after missing value removal: CD14+ Monocytes:787686/787686; CD19+ B-cells:787686/787686; CD4+ T-cells:787686/787686; CD56+ NK-cells:787686/787686; CD8+ T-cells:787686/787686; Eosinophils:787686/787686; Neutrophils:787686/787686
2016-07-07 15:45:16     3.6   15.5    INFO             processing beta_density_samples_6_3
2016-07-07 15:45:16     3.6   15.5    INFO             Density estimation ( CellType--genes ): Groupwise retained observations after missing value removal: CD14+ Monocytes:178554/178554; CD19+ B-cells:178554/178554; CD4+ T-cells:178554/178554; CD56+ NK-cells:178554/178554; CD8+ T-cells:178554/178554; Eosinophils:178554/178554; Neutrophils:178554/178554
2016-07-07 15:45:33     3.6   15.5    INFO             processing beta_density_samples_6_4
2016-07-07 15:45:33     3.6   15.5    INFO             Density estimation ( CellType--promoters ): Groupwise retained observations after missing value removal: CD14+ Monocytes:179598/179598; CD19+ B-cells:179598/179598; CD4+ T-cells:179598/179598; CD56+ NK-cells:179598/179598; CD8+ T-cells:179598/179598; Eosinophils:179598/179598; Neutrophils:179598/179598
2016-07-07 15:45:50     3.6   15.5    INFO             processing beta_density_samples_6_5
2016-07-07 15:45:50     3.6   15.5    INFO             Density estimation ( CellType--cpgislands ): Groupwise retained observations after missing value removal: CD14+ Monocytes:155016/155016; CD19+ B-cells:155016/155016; CD4+ T-cells:155016/155016; CD56+ NK-cells:155016/155016; CD8+ T-cells:155016/155016; Eosinophils:155016/155016; Neutrophils:155016/155016
2016-07-07 15:46:06     3.6   15.5    INFO             processing beta_density_samples_7_1
2016-07-07 15:46:08     3.6   15.5    INFO             Density estimation ( AnalysisGroup--sites ): Groupwise retained observations after missing value removal: wb_case:5517264/5517264; wb_case_ctrl:19310424/19310424; wb_ctrl:17471336/17471336
2016-07-07 15:46:09     3.6   15.5    INFO             Density estimation ( AnalysisGroup--sites ): Groupwise retained observations after subsampling: wb_case:391304/5517264; wb_case_ctrl:1369565/19310424; wb_ctrl:1239130/17471336
2016-07-07 15:46:35     3.6   15.5    INFO             processing beta_density_samples_7_2
2016-07-07 15:46:35     3.6   15.5    INFO             Density estimation ( AnalysisGroup--tiling ): Groupwise retained observations after missing value removal: wb_case:1575372/1575372; wb_case_ctrl:5513802/5513802; wb_ctrl:4988678/4988678
2016-07-07 15:46:36     3.6   15.5    INFO             Density estimation ( AnalysisGroup--tiling ): Groupwise retained observations after subsampling: wb_case:391304/1575372; wb_case_ctrl:1369565/5513802; wb_ctrl:1239130/4988678
2016-07-07 15:47:00     3.6   15.5    INFO             processing beta_density_samples_7_3
2016-07-07 15:47:00     3.6   15.5    INFO             Density estimation ( AnalysisGroup--genes ): Groupwise retained observations after missing value removal: wb_case:357108/357108; wb_case_ctrl:1249878/1249878; wb_ctrl:1130842/1130842
2016-07-07 15:47:23     3.6   15.5    INFO             processing beta_density_samples_7_4
2016-07-07 15:47:23     3.6   15.5    INFO             Density estimation ( AnalysisGroup--promoters ): Groupwise retained observations after missing value removal: wb_case:359196/359196; wb_case_ctrl:1257186/1257186; wb_ctrl:1137454/1137454
2016-07-07 15:47:46     3.6   15.5    INFO             processing beta_density_samples_7_5
2016-07-07 15:47:46     3.6   15.5    INFO             Density estimation ( AnalysisGroup--cpgislands ): Groupwise retained observations after missing value removal: wb_case:310032/310032; wb_case_ctrl:1085112/1085112; wb_ctrl:981768/981768
2016-07-07 15:48:07     3.6   15.5    INFO             processing beta_density_samples_8_1
2016-07-07 15:48:08     3.6   15.5    INFO             Density estimation ( Predicted Gender--sites ): Groupwise retained observations after missing value removal: female:15172476/15172476; male:27126548/27126548
2016-07-07 15:48:09     3.6   15.5    INFO             Density estimation ( Predicted Gender--sites ): Groupwise retained observations after subsampling: female:717391/15172476; male:1282609/27126548
2016-07-07 15:48:29     3.6   15.5    INFO             processing beta_density_samples_8_2
2016-07-07 15:48:29     3.6   15.5    INFO             Density estimation ( Predicted Gender--tiling ): Groupwise retained observations after missing value removal: female:4332273/4332273; male:7745579/7745579
2016-07-07 15:48:30     3.6   15.5    INFO             Density estimation ( Predicted Gender--tiling ): Groupwise retained observations after subsampling: female:717391/4332273; male:1282609/7745579
2016-07-07 15:48:49     3.6   15.5    INFO             processing beta_density_samples_8_3
2016-07-07 15:48:49     3.6   15.5    INFO             Density estimation ( Predicted Gender--genes ): Groupwise retained observations after missing value removal: female:982047/982047; male:1755781/1755781
2016-07-07 15:48:49     3.6   15.5    INFO             Density estimation ( Predicted Gender--genes ): Groupwise retained observations after subsampling: female:717391/982047; male:1282609/1755781
2016-07-07 15:49:08     3.6   15.5    INFO             processing beta_density_samples_8_4
2016-07-07 15:49:08     3.6   15.5    INFO             Density estimation ( Predicted Gender--promoters ): Groupwise retained observations after missing value removal: female:987789/987789; male:1766047/1766047
2016-07-07 15:49:08     3.6   15.5    INFO             Density estimation ( Predicted Gender--promoters ): Groupwise retained observations after subsampling: female:717391/987789; male:1282609/1766047
2016-07-07 15:49:27     3.6   15.5    INFO             processing beta_density_samples_8_5
2016-07-07 15:49:27     3.6   15.5    INFO             Density estimation ( Predicted Gender--cpgislands ): Groupwise retained observations after missing value removal: female:852588/852588; male:1524324/1524324
2016-07-07 15:49:28     3.6   15.5    INFO             Density estimation ( Predicted Gender--cpgislands ): Groupwise retained observations after subsampling: female:717391/852588; male:1282609/1524324
2016-07-07 15:49:46     3.6   15.5  STATUS         COMPLETED Methylation Value Distributions - Sample Groups
2016-07-07 15:49:47     3.6   15.5  STATUS         STARTED Methylation Value Distributions - Probe Categories
2016-07-07 15:49:52     3.6   15.5    INFO             Density estimation ( CGI Relation--all samples ): Groupwise retained observations after missing value removal: Open Sea:15195364/15195364; Shelf:4082224/4082224; Shore:9815112/9815112; Island:13206324/13206324
2016-07-07 15:49:55     3.6   15.5    INFO             Density estimation ( CGI Relation--all samples ): Groupwise retained observations after subsampling: Open Sea:1436947/15195364; Shelf:386035/4082224; Shore:928164/9815112; Island:1248854/13206324
2016-07-07 15:50:20     3.9   15.5    INFO             Density estimation ( Design--all samples ): Groupwise retained observations after missing value removal: I:11925132/11925132; II:30373892/30373892
2016-07-07 15:50:22     3.9   15.5    INFO             Density estimation ( Design--all samples ): Groupwise retained observations after subsampling: I:563849/11925132; II:1436151/30373892
2016-07-07 15:50:32     3.9   15.5    INFO             Density estimation ( CGI Relation--5684819001 (based on Sentrix_ID) ): Groupwise retained observations after missing value removal: Open Sea:495501/495501; Shelf:133116/133116; Shore:320058/320058; Island:430641/430641
2016-07-07 15:50:40     3.9   15.5    INFO             Density estimation ( Design--5684819001 (based on Sentrix_ID) ): Groupwise retained observations after missing value removal: I:388863/388863; II:990453/990453
2016-07-07 15:50:48     3.9   15.5    INFO             Density estimation ( CGI Relation--5684819004 (based on Sentrix_ID) ): Groupwise retained observations after missing value removal: Open Sea:1982004/1982004; Shelf:532464/532464; Shore:1280232/1280232; Island:1722564/1722564
2016-07-07 15:50:49     3.9   15.5    INFO             Density estimation ( CGI Relation--5684819004 (based on Sentrix_ID) ): Groupwise retained observations after subsampling: Open Sea:1436947/1982004; Shelf:386035/532464; Shore:928164/1280232; Island:1248854/1722564
2016-07-07 15:51:09     4.1   15.5    INFO             Density estimation ( Design--5684819004 (based on Sentrix_ID) ): Groupwise retained observations after missing value removal: I:1555452/1555452; II:3961812/3961812
2016-07-07 15:51:09     4.1   15.5    INFO             Density estimation ( Design--5684819004 (based on Sentrix_ID) ): Groupwise retained observations after subsampling: I:563849/1555452; II:1436151/3961812
2016-07-07 15:51:20     4.1   15.5    INFO             Density estimation ( CGI Relation--5727920027 (based on Sentrix_ID) ): Groupwise retained observations after missing value removal: Open Sea:495501/495501; Shelf:133116/133116; Shore:320058/320058; Island:430641/430641
2016-07-07 15:51:27     4.1   15.5    INFO             Density estimation ( Design--5727920027 (based on Sentrix_ID) ): Groupwise retained observations after missing value removal: I:388863/388863; II:990453/990453
2016-07-07 15:51:36     3.8   15.5    INFO             Density estimation ( CGI Relation--5727920033 (based on Sentrix_ID) ): Groupwise retained observations after missing value removal: Open Sea:1982004/1982004; Shelf:532464/532464; Shore:1280232/1280232; Island:1722564/1722564
2016-07-07 15:51:36     3.8   15.5    INFO             Density estimation ( CGI Relation--5727920033 (based on Sentrix_ID) ): Groupwise retained observations after subsampling: Open Sea:1436947/1982004; Shelf:386035/532464; Shore:928164/1280232; Island:1248854/1722564
2016-07-07 15:51:56     4.0   15.5    INFO             Density estimation ( Design--5727920033 (based on Sentrix_ID) ): Groupwise retained observations after missing value removal: I:1555452/1555452; II:3961812/3961812
2016-07-07 15:51:56     4.0   15.5    INFO             Density estimation ( Design--5727920033 (based on Sentrix_ID) ): Groupwise retained observations after subsampling: I:563849/1555452; II:1436151/3961812
2016-07-07 15:52:07     4.0   15.5    INFO             Density estimation ( CGI Relation--5727920038 (based on Sentrix_ID) ): Groupwise retained observations after missing value removal: Open Sea:1982004/1982004; Shelf:532464/532464; Shore:1280232/1280232; Island:1722564/1722564
2016-07-07 15:52:07     4.0   15.5    INFO             Density estimation ( CGI Relation--5727920038 (based on Sentrix_ID) ): Groupwise retained observations after subsampling: Open Sea:1436947/1982004; Shelf:386035/532464; Shore:928164/1280232; Island:1248854/1722564
2016-07-07 15:52:27     3.9   15.5    INFO             Density estimation ( Design--5727920038 (based on Sentrix_ID) ): Groupwise retained observations after missing value removal: I:1555452/1555452; II:3961812/3961812
2016-07-07 15:52:27     3.9   15.5    INFO             Density estimation ( Design--5727920038 (based on Sentrix_ID) ): Groupwise retained observations after subsampling: I:563849/1555452; II:1436151/3961812
2016-07-07 15:52:38     3.9   15.5    INFO             Density estimation ( CGI Relation--7800246024 (based on Sentrix_ID) ): Groupwise retained observations after missing value removal: Open Sea:1982004/1982004; Shelf:532464/532464; Shore:1280232/1280232; Island:1722564/1722564
2016-07-07 15:52:39     3.9   15.5    INFO             Density estimation ( CGI Relation--7800246024 (based on Sentrix_ID) ): Groupwise retained observations after subsampling: Open Sea:1436947/1982004; Shelf:386035/532464; Shore:928164/1280232; Island:1248854/1722564
2016-07-07 15:52:59     4.1   15.5    INFO             Density estimation ( Design--7800246024 (based on Sentrix_ID) ): Groupwise retained observations after missing value removal: I:1555452/1555452; II:3961812/3961812
2016-07-07 15:53:00     4.1   15.5    INFO             Density estimation ( Design--7800246024 (based on Sentrix_ID) ): Groupwise retained observations after subsampling: I:563849/1555452; II:1436151/3961812
2016-07-07 15:53:10     3.7   15.5    INFO             Density estimation ( CGI Relation--7800246085 (based on Sentrix_ID) ): Groupwise retained observations after missing value removal: Open Sea:1982004/1982004; Shelf:532464/532464; Shore:1280232/1280232; Island:1722564/1722564
2016-07-07 15:53:11     3.7   15.5    INFO             Density estimation ( CGI Relation--7800246085 (based on Sentrix_ID) ): Groupwise retained observations after subsampling: Open Sea:1436947/1982004; Shelf:386035/532464; Shore:928164/1280232; Island:1248854/1722564
2016-07-07 15:53:30     3.7   15.5    INFO             Density estimation ( Design--7800246085 (based on Sentrix_ID) ): Groupwise retained observations after missing value removal: I:1555452/1555452; II:3961812/3961812
2016-07-07 15:53:31     3.7   15.5    INFO             Density estimation ( Design--7800246085 (based on Sentrix_ID) ): Groupwise retained observations after subsampling: I:563849/1555452; II:1436151/3961812
2016-07-07 15:53:41     3.9   15.5    INFO             Density estimation ( CGI Relation--7800246087 (based on Sentrix_ID) ): Groupwise retained observations after missing value removal: Open Sea:1982004/1982004; Shelf:532464/532464; Shore:1280232/1280232; Island:1722564/1722564
2016-07-07 15:53:42     3.9   15.5    INFO             Density estimation ( CGI Relation--7800246087 (based on Sentrix_ID) ): Groupwise retained observations after subsampling: Open Sea:1436947/1982004; Shelf:386035/532464; Shore:928164/1280232; Island:1248854/1722564
2016-07-07 15:54:02     4.1   15.5    INFO             Density estimation ( Design--7800246087 (based on Sentrix_ID) ): Groupwise retained observations after missing value removal: I:1555452/1555452; II:3961812/3961812
2016-07-07 15:54:02     4.1   15.5    INFO             Density estimation ( Design--7800246087 (based on Sentrix_ID) ): Groupwise retained observations after subsampling: I:563849/1555452; II:1436151/3961812
2016-07-07 15:54:13     4.1   15.5    INFO             Density estimation ( CGI Relation--7800246123 (based on Sentrix_ID) ): Groupwise retained observations after missing value removal: Open Sea:1982004/1982004; Shelf:532464/532464; Shore:1280232/1280232; Island:1722564/1722564
2016-07-07 15:54:13     4.1   15.5    INFO             Density estimation ( CGI Relation--7800246123 (based on Sentrix_ID) ): Groupwise retained observations after subsampling: Open Sea:1436947/1982004; Shelf:386035/532464; Shore:928164/1280232; Island:1248854/1722564
2016-07-07 15:54:34     3.6   15.5    INFO             Density estimation ( Design--7800246123 (based on Sentrix_ID) ): Groupwise retained observations after missing value removal: I:1555452/1555452; II:3961812/3961812
2016-07-07 15:54:34     3.6   15.5    INFO             Density estimation ( Design--7800246123 (based on Sentrix_ID) ): Groupwise retained observations after subsampling: I:563849/1555452; II:1436151/3961812
2016-07-07 15:54:44     3.8   15.5    INFO             Density estimation ( CGI Relation--7800246132 (based on Sentrix_ID) ): Groupwise retained observations after missing value removal: Open Sea:330334/330334; Shelf:88744/88744; Shore:213372/213372; Island:287094/287094
2016-07-07 15:54:50     3.8   15.5    INFO             Density estimation ( Design--7800246132 (based on Sentrix_ID) ): Groupwise retained observations after missing value removal: I:259242/259242; II:660302/660302
2016-07-07 15:54:55     3.6   15.5    INFO             Density estimation ( CGI Relation--R01C01 (based on Sentrix_Position) ): Groupwise retained observations after missing value removal: Open Sea:1321336/1321336; Shelf:354976/354976; Shore:853488/853488; Island:1148376/1148376
2016-07-07 15:55:13     4.0   15.5    INFO             Density estimation ( Design--R01C01 (based on Sentrix_Position) ): Groupwise retained observations after missing value removal: I:1036968/1036968; II:2641208/2641208
2016-07-07 15:55:13     4.0   15.5    INFO             Density estimation ( Design--R01C01 (based on Sentrix_Position) ): Groupwise retained observations after subsampling: I:563849/1036968; II:1436151/2641208
2016-07-07 15:55:24     4.0   15.5    INFO             Density estimation ( CGI Relation--R01C02 (based on Sentrix_Position) ): Groupwise retained observations after missing value removal: Open Sea:1156169/1156169; Shelf:310604/310604; Shore:746802/746802; Island:1004829/1004829
2016-07-07 15:55:40     4.1   15.5    INFO             Density estimation ( Design--R01C02 (based on Sentrix_Position) ): Groupwise retained observations after missing value removal: I:907347/907347; II:2311057/2311057
2016-07-07 15:55:40     4.1   15.5    INFO             Density estimation ( Design--R01C02 (based on Sentrix_Position) ): Groupwise retained observations after subsampling: I:563849/907347; II:1436151/2311057
2016-07-07 15:55:50     4.1   15.5    INFO             Density estimation ( CGI Relation--R02C01 (based on Sentrix_Position) ): Groupwise retained observations after missing value removal: Open Sea:1321336/1321336; Shelf:354976/354976; Shore:853488/853488; Island:1148376/1148376
2016-07-07 15:56:09     4.1   15.5    INFO             Density estimation ( Design--R02C01 (based on Sentrix_Position) ): Groupwise retained observations after missing value removal: I:1036968/1036968; II:2641208/2641208
2016-07-07 15:56:09     4.1   15.5    INFO             Density estimation ( Design--R02C01 (based on Sentrix_Position) ): Groupwise retained observations after subsampling: I:563849/1036968; II:1436151/2641208
2016-07-07 15:56:19     4.1   15.5    INFO             Density estimation ( CGI Relation--R02C02 (based on Sentrix_Position) ): Groupwise retained observations after missing value removal: Open Sea:1156169/1156169; Shelf:310604/310604; Shore:746802/746802; Island:1004829/1004829
2016-07-07 15:56:35     4.1   15.5    INFO             Density estimation ( Design--R02C02 (based on Sentrix_Position) ): Groupwise retained observations after missing value removal: I:907347/907347; II:2311057/2311057
2016-07-07 15:56:35     4.1   15.5    INFO             Density estimation ( Design--R02C02 (based on Sentrix_Position) ): Groupwise retained observations after subsampling: I:563849/907347; II:1436151/2311057
2016-07-07 15:56:45     4.1   15.5    INFO             Density estimation ( CGI Relation--R03C01 (based on Sentrix_Position) ): Groupwise retained observations after missing value removal: Open Sea:1156169/1156169; Shelf:310604/310604; Shore:746802/746802; Island:1004829/1004829
2016-07-07 15:57:02     4.1   15.5    INFO             Density estimation ( Design--R03C01 (based on Sentrix_Position) ): Groupwise retained observations after missing value removal: I:907347/907347; II:2311057/2311057
2016-07-07 15:57:02     4.1   15.5    INFO             Density estimation ( Design--R03C01 (based on Sentrix_Position) ): Groupwise retained observations after subsampling: I:563849/907347; II:1436151/2311057
2016-07-07 15:57:13     4.1   15.5    INFO             Density estimation ( CGI Relation--R03C02 (based on Sentrix_Position) ): Groupwise retained observations after missing value removal: Open Sea:1156169/1156169; Shelf:310604/310604; Shore:746802/746802; Island:1004829/1004829
2016-07-07 15:57:28     4.0   15.5    INFO             Density estimation ( Design--R03C02 (based on Sentrix_Position) ): Groupwise retained observations after missing value removal: I:907347/907347; II:2311057/2311057
2016-07-07 15:57:29     4.0   15.5    INFO             Density estimation ( Design--R03C02 (based on Sentrix_Position) ): Groupwise retained observations after subsampling: I:563849/907347; II:1436151/2311057
2016-07-07 15:57:39     4.0   15.5    INFO             Density estimation ( CGI Relation--R04C01 (based on Sentrix_Position) ): Groupwise retained observations after missing value removal: Open Sea:1156169/1156169; Shelf:310604/310604; Shore:746802/746802; Island:1004829/1004829
2016-07-07 15:57:55     4.0   15.5    INFO             Density estimation ( Design--R04C01 (based on Sentrix_Position) ): Groupwise retained observations after missing value removal: I:907347/907347; II:2311057/2311057
2016-07-07 15:57:55     4.0   15.5    INFO             Density estimation ( Design--R04C01 (based on Sentrix_Position) ): Groupwise retained observations after subsampling: I:563849/907347; II:1436151/2311057
2016-07-07 15:58:06     4.0   15.5    INFO             Density estimation ( CGI Relation--R04C02 (based on Sentrix_Position) ): Groupwise retained observations after missing value removal: Open Sea:1486503/1486503; Shelf:399348/399348; Shore:960174/960174; Island:1291923/1291923
2016-07-07 15:58:06     4.0   15.5    INFO             Density estimation ( CGI Relation--R04C02 (based on Sentrix_Position) ): Groupwise retained observations after subsampling: Open Sea:1436947/1486503; Shelf:386035/399348; Shore:928164/960174; Island:1248854/1291923
2016-07-07 15:58:27     4.1   15.5    INFO             Density estimation ( Design--R04C02 (based on Sentrix_Position) ): Groupwise retained observations after missing value removal: I:1166589/1166589; II:2971359/2971359
2016-07-07 15:58:27     4.1   15.5    INFO             Density estimation ( Design--R04C02 (based on Sentrix_Position) ): Groupwise retained observations after subsampling: I:563849/1166589; II:1436151/2971359
2016-07-07 15:58:38     4.1   15.5    INFO             Density estimation ( CGI Relation--R05C01 (based on Sentrix_Position) ): Groupwise retained observations after missing value removal: Open Sea:1156169/1156169; Shelf:310604/310604; Shore:746802/746802; Island:1004829/1004829
2016-07-07 15:58:54     4.0   15.5    INFO             Density estimation ( Design--R05C01 (based on Sentrix_Position) ): Groupwise retained observations after missing value removal: I:907347/907347; II:2311057/2311057
2016-07-07 15:58:55     4.0   15.5    INFO             Density estimation ( Design--R05C01 (based on Sentrix_Position) ): Groupwise retained observations after subsampling: I:563849/907347; II:1436151/2311057
2016-07-07 15:59:06     3.6   15.5    INFO             Density estimation ( CGI Relation--R05C02 (based on Sentrix_Position) ): Groupwise retained observations after missing value removal: Open Sea:1486503/1486503; Shelf:399348/399348; Shore:960174/960174; Island:1291923/1291923
2016-07-07 15:59:07     3.6   15.5    INFO             Density estimation ( CGI Relation--R05C02 (based on Sentrix_Position) ): Groupwise retained observations after subsampling: Open Sea:1436947/1486503; Shelf:386035/399348; Shore:928164/960174; Island:1248854/1291923
2016-07-07 15:59:27     3.6   15.5    INFO             Density estimation ( Design--R05C02 (based on Sentrix_Position) ): Groupwise retained observations after missing value removal: I:1166589/1166589; II:2971359/2971359
2016-07-07 15:59:27     3.6   15.5    INFO             Density estimation ( Design--R05C02 (based on Sentrix_Position) ): Groupwise retained observations after subsampling: I:563849/1166589; II:1436151/2971359
2016-07-07 15:59:38     3.6   15.5    INFO             Density estimation ( CGI Relation--R06C01 (based on Sentrix_Position) ): Groupwise retained observations after missing value removal: Open Sea:1156169/1156169; Shelf:310604/310604; Shore:746802/746802; Island:1004829/1004829
2016-07-07 15:59:55     3.6   15.5    INFO             Density estimation ( Design--R06C01 (based on Sentrix_Position) ): Groupwise retained observations after missing value removal: I:907347/907347; II:2311057/2311057
2016-07-07 15:59:55     3.6   15.5    INFO             Density estimation ( Design--R06C01 (based on Sentrix_Position) ): Groupwise retained observations after subsampling: I:563849/907347; II:1436151/2311057
2016-07-07 16:00:06     3.6   15.5    INFO             Density estimation ( CGI Relation--R06C02 (based on Sentrix_Position) ): Groupwise retained observations after missing value removal: Open Sea:1486503/1486503; Shelf:399348/399348; Shore:960174/960174; Island:1291923/1291923
2016-07-07 16:00:06     3.6   15.5    INFO             Density estimation ( CGI Relation--R06C02 (based on Sentrix_Position) ): Groupwise retained observations after subsampling: Open Sea:1436947/1486503; Shelf:386035/399348; Shore:928164/960174; Island:1248854/1291923
2016-07-07 16:00:27     3.6   15.5    INFO             Density estimation ( Design--R06C02 (based on Sentrix_Position) ): Groupwise retained observations after missing value removal: I:1166589/1166589; II:2971359/2971359
2016-07-07 16:00:27     3.6   15.5    INFO             Density estimation ( Design--R06C02 (based on Sentrix_Position) ): Groupwise retained observations after subsampling: I:563849/1166589; II:1436151/2971359
2016-07-07 16:00:40     3.6   15.5    INFO             Density estimation ( CGI Relation--Normal (based on diseaseState) ): Groupwise retained observations after missing value removal: Open Sea:6276346/6276346; Shelf:1686136/1686136; Shore:4054068/4054068; Island:5454786/5454786
2016-07-07 16:00:41     3.6   15.5    INFO             Density estimation ( CGI Relation--Normal (based on diseaseState) ): Groupwise retained observations after subsampling: Open Sea:1436947/6276346; Shelf:386035/1686136; Shore:928164/4054068; Island:1248854/5454786
2016-07-07 16:01:04     3.6   15.5    INFO             Density estimation ( Design--Normal (based on diseaseState) ): Groupwise retained observations after missing value removal: I:4925598/4925598; II:12545738/12545738
2016-07-07 16:01:05     3.6   15.5    INFO             Density estimation ( Design--Normal (based on diseaseState) ): Groupwise retained observations after subsampling: I:563849/4925598; II:1436151/12545738
2016-07-07 16:01:16     3.6   15.5    INFO             Density estimation ( CGI Relation--RheumatoidArthritis (based on diseaseState) ): Groupwise retained observations after missing value removal: Open Sea:1982004/1982004; Shelf:532464/532464; Shore:1280232/1280232; Island:1722564/1722564
2016-07-07 16:01:17     3.6   15.5    INFO             Density estimation ( CGI Relation--RheumatoidArthritis (based on diseaseState) ): Groupwise retained observations after subsampling: Open Sea:1436947/1982004; Shelf:386035/532464; Shore:928164/1280232; Island:1248854/1722564
2016-07-07 16:01:37     3.6   15.5    INFO             Density estimation ( Design--RheumatoidArthritis (based on diseaseState) ): Groupwise retained observations after missing value removal: I:1555452/1555452; II:3961812/3961812
2016-07-07 16:01:38     3.6   15.5    INFO             Density estimation ( Design--RheumatoidArthritis (based on diseaseState) ): Groupwise retained observations after subsampling: I:563849/1555452; II:1436151/3961812
2016-07-07 16:01:50     3.7   15.5    INFO             Density estimation ( CGI Relation--f (based on gender) ): Groupwise retained observations after missing value removal: Open Sea:5450511/5450511; Shelf:1464276/1464276; Shore:3520638/3520638; Island:4737051/4737051
2016-07-07 16:01:51     3.7   15.5    INFO             Density estimation ( CGI Relation--f (based on gender) ): Groupwise retained observations after subsampling: Open Sea:1436947/5450511; Shelf:386035/1464276; Shore:928164/3520638; Island:1248854/4737051
2016-07-07 16:02:14     3.6   15.5    INFO             Density estimation ( Design--f (based on gender) ): Groupwise retained observations after missing value removal: I:4277493/4277493; II:10894983/10894983
2016-07-07 16:02:15     3.6   15.5    INFO             Density estimation ( Design--f (based on gender) ): Groupwise retained observations after subsampling: I:563849/4277493; II:1436151/10894983
2016-07-07 16:02:26     3.6   15.5    INFO             Density estimation ( CGI Relation--m (based on gender) ): Groupwise retained observations after missing value removal: Open Sea:2807839/2807839; Shelf:754324/754324; Shore:1813662/1813662; Island:2440299/2440299
2016-07-07 16:02:27     3.6   15.5    INFO             Density estimation ( CGI Relation--m (based on gender) ): Groupwise retained observations after subsampling: Open Sea:1436947/2807839; Shelf:386035/754324; Shore:928164/1813662; Island:1248854/2440299
2016-07-07 16:02:48     3.6   15.5    INFO             Density estimation ( Design--m (based on gender) ): Groupwise retained observations after missing value removal: I:2203557/2203557; II:5612567/5612567
2016-07-07 16:02:49     3.6   15.5    INFO             Density estimation ( Design--m (based on gender) ): Groupwise retained observations after subsampling: I:563849/2203557; II:1436151/5612567
2016-07-07 16:02:59     3.6   15.5    INFO             Density estimation ( CGI Relation--CD14+ Monocytes (based on CellType) ): Groupwise retained observations after missing value removal: Open Sea:991002/991002; Shelf:266232/266232; Shore:640116/640116; Island:861282/861282
2016-07-07 16:03:12     3.6   15.5    INFO             Density estimation ( Design--CD14+ Monocytes (based on CellType) ): Groupwise retained observations after missing value removal: I:777726/777726; II:1980906/1980906
2016-07-07 16:03:13     3.6   15.5    INFO             Density estimation ( Design--CD14+ Monocytes (based on CellType) ): Groupwise retained observations after subsampling: I:563849/777726; II:1436151/1980906
2016-07-07 16:03:23     3.6   15.5    INFO             Density estimation ( CGI Relation--CD19+ B-cells (based on CellType) ): Groupwise retained observations after missing value removal: Open Sea:991002/991002; Shelf:266232/266232; Shore:640116/640116; Island:861282/861282
2016-07-07 16:03:37     3.6   15.5    INFO             Density estimation ( Design--CD19+ B-cells (based on CellType) ): Groupwise retained observations after missing value removal: I:777726/777726; II:1980906/1980906
2016-07-07 16:03:38     3.6   15.5    INFO             Density estimation ( Design--CD19+ B-cells (based on CellType) ): Groupwise retained observations after subsampling: I:563849/777726; II:1436151/1980906
2016-07-07 16:03:48     3.6   15.5    INFO             Density estimation ( CGI Relation--CD4+ T-cells (based on CellType) ): Groupwise retained observations after missing value removal: Open Sea:991002/991002; Shelf:266232/266232; Shore:640116/640116; Island:861282/861282
2016-07-07 16:04:02     3.6   15.5    INFO             Density estimation ( Design--CD4+ T-cells (based on CellType) ): Groupwise retained observations after missing value removal: I:777726/777726; II:1980906/1980906
2016-07-07 16:04:02     3.6   15.5    INFO             Density estimation ( Design--CD4+ T-cells (based on CellType) ): Groupwise retained observations after subsampling: I:563849/777726; II:1436151/1980906
2016-07-07 16:04:13     3.6   15.5    INFO             Density estimation ( CGI Relation--CD56+ NK-cells (based on CellType) ): Groupwise retained observations after missing value removal: Open Sea:991002/991002; Shelf:266232/266232; Shore:640116/640116; Island:861282/861282
2016-07-07 16:04:28     3.6   15.5    INFO             Density estimation ( Design--CD56+ NK-cells (based on CellType) ): Groupwise retained observations after missing value removal: I:777726/777726; II:1980906/1980906
2016-07-07 16:04:28     3.6   15.5    INFO             Density estimation ( Design--CD56+ NK-cells (based on CellType) ): Groupwise retained observations after subsampling: I:563849/777726; II:1436151/1980906
2016-07-07 16:04:38     3.6   15.5    INFO             Density estimation ( CGI Relation--CD8+ T-cells (based on CellType) ): Groupwise retained observations after missing value removal: Open Sea:991002/991002; Shelf:266232/266232; Shore:640116/640116; Island:861282/861282
2016-07-07 16:04:52     3.6   15.5    INFO             Density estimation ( Design--CD8+ T-cells (based on CellType) ): Groupwise retained observations after missing value removal: I:777726/777726; II:1980906/1980906
2016-07-07 16:04:52     3.6   15.5    INFO             Density estimation ( Design--CD8+ T-cells (based on CellType) ): Groupwise retained observations after subsampling: I:563849/777726; II:1436151/1980906
2016-07-07 16:05:03     3.6   15.5    INFO             Density estimation ( CGI Relation--Eosinophils (based on CellType) ): Groupwise retained observations after missing value removal: Open Sea:991002/991002; Shelf:266232/266232; Shore:640116/640116; Island:861282/861282
2016-07-07 16:05:17     3.6   15.5    INFO             Density estimation ( Design--Eosinophils (based on CellType) ): Groupwise retained observations after missing value removal: I:777726/777726; II:1980906/1980906
2016-07-07 16:05:17     3.6   15.5    INFO             Density estimation ( Design--Eosinophils (based on CellType) ): Groupwise retained observations after subsampling: I:563849/777726; II:1436151/1980906
2016-07-07 16:05:28     3.6   15.5    INFO             Density estimation ( CGI Relation--Neutrophils (based on CellType) ): Groupwise retained observations after missing value removal: Open Sea:991002/991002; Shelf:266232/266232; Shore:640116/640116; Island:861282/861282
2016-07-07 16:05:42     3.6   15.5    INFO             Density estimation ( Design--Neutrophils (based on CellType) ): Groupwise retained observations after missing value removal: I:777726/777726; II:1980906/1980906
2016-07-07 16:05:43     3.6   15.5    INFO             Density estimation ( Design--Neutrophils (based on CellType) ): Groupwise retained observations after subsampling: I:563849/777726; II:1436151/1980906
2016-07-07 16:05:53     3.6   15.5    INFO             Density estimation ( CGI Relation--wb_case (based on AnalysisGroup) ): Groupwise retained observations after missing value removal: Open Sea:1982004/1982004; Shelf:532464/532464; Shore:1280232/1280232; Island:1722564/1722564
2016-07-07 16:05:54     3.6   15.5    INFO             Density estimation ( CGI Relation--wb_case (based on AnalysisGroup) ): Groupwise retained observations after subsampling: Open Sea:1436947/1982004; Shelf:386035/532464; Shore:928164/1280232; Island:1248854/1722564
2016-07-07 16:06:14     3.6   15.5    INFO             Density estimation ( Design--wb_case (based on AnalysisGroup) ): Groupwise retained observations after missing value removal: I:1555452/1555452; II:3961812/3961812
2016-07-07 16:06:15     3.6   15.5    INFO             Density estimation ( Design--wb_case (based on AnalysisGroup) ): Groupwise retained observations after subsampling: I:563849/1555452; II:1436151/3961812
2016-07-07 16:06:29     3.6   15.5    INFO             Density estimation ( CGI Relation--wb_case_ctrl (based on AnalysisGroup) ): Groupwise retained observations after missing value removal: Open Sea:6937014/6937014; Shelf:1863624/1863624; Shore:4480812/4480812; Island:6028974/6028974
2016-07-07 16:06:30     3.6   15.5    INFO             Density estimation ( CGI Relation--wb_case_ctrl (based on AnalysisGroup) ): Groupwise retained observations after subsampling: Open Sea:1436947/6937014; Shelf:386035/1863624; Shore:928164/4480812; Island:1248854/6028974
2016-07-07 16:06:53     3.6   15.5    INFO             Density estimation ( Design--wb_case_ctrl (based on AnalysisGroup) ): Groupwise retained observations after missing value removal: I:5444082/5444082; II:13866342/13866342
2016-07-07 16:06:54     3.6   15.5    INFO             Density estimation ( Design--wb_case_ctrl (based on AnalysisGroup) ): Groupwise retained observations after subsampling: I:563849/5444082; II:1436151/13866342
2016-07-07 16:07:07     3.8   15.5    INFO             Density estimation ( CGI Relation--wb_ctrl (based on AnalysisGroup) ): Groupwise retained observations after missing value removal: Open Sea:6276346/6276346; Shelf:1686136/1686136; Shore:4054068/4054068; Island:5454786/5454786
2016-07-07 16:07:08     3.8   15.5    INFO             Density estimation ( CGI Relation--wb_ctrl (based on AnalysisGroup) ): Groupwise retained observations after subsampling: Open Sea:1436947/6276346; Shelf:386035/1686136; Shore:928164/4054068; Island:1248854/5454786
2016-07-07 16:07:32     3.6   15.5    INFO             Density estimation ( Design--wb_ctrl (based on AnalysisGroup) ): Groupwise retained observations after missing value removal: I:4925598/4925598; II:12545738/12545738
2016-07-07 16:07:32     3.6   15.5    INFO             Density estimation ( Design--wb_ctrl (based on AnalysisGroup) ): Groupwise retained observations after subsampling: I:563849/4925598; II:1436151/12545738
2016-07-07 16:07:45     3.6   15.5    INFO             Density estimation ( CGI Relation--female (based on Predicted Gender) ): Groupwise retained observations after missing value removal: Open Sea:5450511/5450511; Shelf:1464276/1464276; Shore:3520638/3520638; Island:4737051/4737051
2016-07-07 16:07:46     3.6   15.5    INFO             Density estimation ( CGI Relation--female (based on Predicted Gender) ): Groupwise retained observations after subsampling: Open Sea:1436947/5450511; Shelf:386035/1464276; Shore:928164/3520638; Island:1248854/4737051
2016-07-07 16:08:08     3.7   15.5    INFO             Density estimation ( Design--female (based on Predicted Gender) ): Groupwise retained observations after missing value removal: I:4277493/4277493; II:10894983/10894983
2016-07-07 16:08:09     3.7   15.5    INFO             Density estimation ( Design--female (based on Predicted Gender) ): Groupwise retained observations after subsampling: I:563849/4277493; II:1436151/10894983
2016-07-07 16:08:24     3.6   15.5    INFO             Density estimation ( CGI Relation--male (based on Predicted Gender) ): Groupwise retained observations after missing value removal: Open Sea:9744853/9744853; Shelf:2617948/2617948; Shore:6294474/6294474; Island:8469273/8469273
2016-07-07 16:08:25     3.6   15.5    INFO             Density estimation ( CGI Relation--male (based on Predicted Gender) ): Groupwise retained observations after subsampling: Open Sea:1436947/9744853; Shelf:386035/2617948; Shore:928164/6294474; Island:1248854/8469273
2016-07-07 16:08:48     3.8   15.5    INFO             Density estimation ( Design--male (based on Predicted Gender) ): Groupwise retained observations after missing value removal: I:7647639/7647639; II:19478909/19478909
2016-07-07 16:08:50     3.8   15.5    INFO             Density estimation ( Design--male (based on Predicted Gender) ): Groupwise retained observations after subsampling: I:563849/7647639; II:1436151/19478909
2016-07-07 16:09:01     3.6   15.5  STATUS         COMPLETED Methylation Value Distributions - Probe Categories
2016-07-07 16:09:05     3.9   15.5  STATUS         STARTED Scatter Plots of Mean Beta vs Variance
2016-07-07 16:09:05     3.9   15.5    INFO             Sample subgroups are defined by: Sentrix_ID; Sentrix_Position; diseaseState; gender; CellType; AnalysisGroup; Predicted Gender
2016-07-07 20:55:24     3.6   15.5  STATUS             Created 156 scatter plots of methylation variance on the site level
2016-07-07 22:07:36     3.6   15.5  STATUS             Created 312 scatter plots of methylation variance on the region level
2016-07-07 22:07:36     3.6   15.5  STATUS         COMPLETED Scatter Plots of Mean Beta vs Variance
2016-07-07 22:07:36     3.6   15.5  STATUS         STARTED Deviation Plots
2016-07-07 22:34:07     3.6   15.5  STATUS             Created 117 deviation plots on the site level
2016-07-07 22:47:41     3.6   15.5  STATUS             Created 156 deviation plots on the region level
2016-07-07 22:47:42     3.6   15.5  STATUS             Added summary table of variabilities
2016-07-07 22:47:42     3.6   15.5  STATUS         COMPLETED Deviation Plots
2016-07-07 22:47:42     3.6   15.5  STATUS         STARTED Sample Clustering
2016-07-07 22:47:42     3.6   15.5  STATUS             STARTED Agglomerative Hierarchical Clustering
2016-07-07 22:48:45     3.9   15.5  STATUS                 Performed clustering on sites using correlation as a distance metric
2016-07-07 22:49:57     3.9   15.5  STATUS                 Performed clustering on sites using manhattan as a distance metric
2016-07-07 22:51:09     3.9   15.5  STATUS                 Performed clustering on sites using euclidean as a distance metric
2016-07-07 22:51:27     4.0   15.5  STATUS                 Performed clustering on tiling using correlation as a distance metric
2016-07-07 22:51:41     4.0   15.5  STATUS                 Performed clustering on tiling using manhattan as a distance metric
2016-07-07 22:51:56     4.0   15.5  STATUS                 Performed clustering on tiling using euclidean as a distance metric
2016-07-07 22:52:01     3.6   15.5  STATUS                 Performed clustering on genes using correlation as a distance metric
2016-07-07 22:52:03     3.6   15.5  STATUS                 Performed clustering on genes using manhattan as a distance metric
2016-07-07 22:52:05     3.6   15.5  STATUS                 Performed clustering on genes using euclidean as a distance metric
2016-07-07 22:52:09     3.6   15.5  STATUS                 Performed clustering on promoters using correlation as a distance metric
2016-07-07 22:52:11     3.6   15.5  STATUS                 Performed clustering on promoters using manhattan as a distance metric
2016-07-07 22:52:14     3.6   15.5  STATUS                 Performed clustering on promoters using euclidean as a distance metric
2016-07-07 22:52:17     3.6   15.5  STATUS                 Performed clustering on cpgislands using correlation as a distance metric
2016-07-07 22:52:19     3.6   15.5  STATUS                 Performed clustering on cpgislands using manhattan as a distance metric
2016-07-07 22:52:21     3.6   15.5  STATUS                 Performed clustering on cpgislands using euclidean as a distance metric
2016-07-07 22:52:21     3.6   15.5  STATUS             COMPLETED Agglomerative Hierarchical Clustering
2016-07-07 22:52:26     4.3   15.5  STATUS             STARTED Clustering Section
2016-07-07 22:52:27     4.3   15.5  STATUS                 STARTED Generating Heatmaps
2016-07-07 22:52:28     4.3   15.5  STATUS                     STARTED Region type: sites
2016-07-07 23:14:34     3.9   15.5  STATUS                     COMPLETED Region type: sites
2016-07-07 23:14:34     3.9   15.5  STATUS                     STARTED Region type: tiling
2016-07-07 23:36:39     3.9   15.5  STATUS                     COMPLETED Region type: tiling
2016-07-07 23:36:39     3.9   15.5  STATUS                     STARTED Region type: genes
2016-07-07 23:58:39     3.9   15.5  STATUS                     COMPLETED Region type: genes
2016-07-07 23:58:39     3.9   15.5  STATUS                     STARTED Region type: promoters
2016-07-08 00:20:49     3.9   15.5  STATUS                     COMPLETED Region type: promoters
2016-07-08 00:20:49     3.9   15.5  STATUS                     STARTED Region type: cpgislands
2016-07-08 00:42:53     3.9   15.5  STATUS                     COMPLETED Region type: cpgislands
2016-07-08 00:42:54     3.9   15.5  STATUS                     Created 1260 heatmaps based on the clustering results
2016-07-08 00:42:54     3.9   15.5  STATUS                 COMPLETED Generating Heatmaps
2016-07-08 00:42:54     3.9   15.5  STATUS                 STARTED Adding Color Legends
2016-07-08 00:43:55     3.9   15.5  STATUS                 COMPLETED Adding Color Legends
2016-07-08 00:43:55     3.9   15.5  STATUS                 STARTED Estimating Optimal Numbers of Clusters
2016-07-08 00:44:10     3.9   15.5  STATUS                     Estimated number of clusters based on mean silhouette value
2016-07-08 00:44:10     3.9   15.5  STATUS                 COMPLETED Estimating Optimal Numbers of Clusters
2016-07-08 00:44:10     3.9   15.5  STATUS                 STARTED Overlapping Clusters with Sample Traits
2016-07-08 00:44:10     3.9   15.5  STATUS                     Computed adjusted rand indices and saved to exploratory_analysis_data/adjusted_rand_indices_1.csv
2016-07-08 00:44:11     3.9   15.5  STATUS                     Computed adjusted rand indices and saved to exploratory_analysis_data/adjusted_rand_indices_2.csv
2016-07-08 00:44:11     3.9   15.5  STATUS                     Computed adjusted rand indices and saved to exploratory_analysis_data/adjusted_rand_indices_3.csv
2016-07-08 00:44:11     3.9   15.5  STATUS                     Computed adjusted rand indices and saved to exploratory_analysis_data/adjusted_rand_indices_4.csv
2016-07-08 00:44:11     3.9   15.5  STATUS                     Computed adjusted rand indices and saved to exploratory_analysis_data/adjusted_rand_indices_5.csv
2016-07-08 00:44:23     3.9   15.5  STATUS                 COMPLETED Overlapping Clusters with Sample Traits
2016-07-08 00:44:23     3.9   15.5  STATUS             COMPLETED Clustering Section
2016-07-08 00:44:23     3.9   15.5  STATUS         COMPLETED Sample Clustering
2016-07-08 00:44:23     3.9   15.5  STATUS         STARTED Drawing regional methylation profiles
2016-07-08 00:44:23     3.9   15.5  STATUS             STARTED Creating a Corresponding Section in the Report
2016-07-08 00:44:27     3.9   15.5  STATUS                 Plotting region profiles for region genes and column all samples ...
2016-07-08 01:56:41    59.5   15.5  STATUS                 Plotting region profiles for region genes and column Sentrix_ID ...
2016-07-08 02:28:48    32.4   15.5  STATUS                 Plotting region profiles for region genes and column Sentrix_Position ...
2016-07-08 03:02:03    30.6   15.5  STATUS                 Plotting region profiles for region genes and column diseaseState ...
2016-07-08 03:19:29    32.2   15.5  STATUS                 Plotting region profiles for region genes and column gender ...
2016-07-08 03:37:46    30.6   15.5  STATUS                 Plotting region profiles for region genes and column CellType ...
2016-07-08 03:52:58    30.6   15.5  STATUS                 Plotting region profiles for region genes and column AnalysisGroup ...
2016-07-08 04:27:25    31.1   15.5  STATUS                 Plotting region profiles for region genes and column Predicted Gender ...
2016-07-08 05:01:12    53.1   15.5  STATUS                 Plotting region profiles for region promoters and column all samples ...
2016-07-08 05:12:38    34.2   15.5  STATUS                 Plotting region profiles for region promoters and column Sentrix_ID ...
2016-07-08 05:23:39    30.6   15.5  STATUS                 Plotting region profiles for region promoters and column Sentrix_Position ...
2016-07-08 05:36:14    30.6   15.5  STATUS                 Plotting region profiles for region promoters and column diseaseState ...
2016-07-08 05:42:44    30.6   15.5  STATUS                 Plotting region profiles for region promoters and column gender ...
2016-07-08 05:49:18    30.6   15.5  STATUS                 Plotting region profiles for region promoters and column CellType ...
2016-07-08 05:54:46    30.6   15.5  STATUS                 Plotting region profiles for region promoters and column AnalysisGroup ...
2016-07-08 06:06:33    30.6   15.5  STATUS                 Plotting region profiles for region promoters and column Predicted Gender ...
2016-07-08 06:18:18    30.6   15.5  STATUS                 Plotting region profiles for region cpgislands and column all samples ...
2016-07-08 06:26:42    30.6   15.5  STATUS                 Plotting region profiles for region cpgislands and column Sentrix_ID ...
2016-07-08 06:35:06    30.6   15.5  STATUS                 Plotting region profiles for region cpgislands and column Sentrix_Position ...
2016-07-08 06:43:45    30.6   15.5  STATUS                 Plotting region profiles for region cpgislands and column diseaseState ...
2016-07-08 06:48:40    30.6   15.5  STATUS                 Plotting region profiles for region cpgislands and column gender ...
2016-07-08 06:53:24    30.6   15.5  STATUS                 Plotting region profiles for region cpgislands and column CellType ...
2016-07-08 06:57:29    30.6   15.5  STATUS                 Plotting region profiles for region cpgislands and column AnalysisGroup ...
2016-07-08 07:06:07    30.6   15.5  STATUS                 Plotting region profiles for region cpgislands and column Predicted Gender ...
2016-07-08 07:14:33    30.6   15.5  STATUS             COMPLETED Creating a Corresponding Section in the Report
2016-07-08 07:14:33    30.6   15.5  STATUS         COMPLETED Drawing regional methylation profiles
2016-07-08 07:14:33    30.6   15.5  STATUS     COMPLETED Exploratory Analysis
2016-07-08 07:14:33    30.6   15.5    INFO     Initialized report index and saved to index.html
2016-07-08 07:14:47    30.6   15.5  STATUS     STARTED Differential Methylation
2016-07-08 07:14:47    30.6   15.5    INFO         Number of cores: 1
2016-07-08 07:14:48    30.6   15.5  STATUS         STARTED Analysis
2016-07-08 07:14:48    30.6   15.5    INFO             Using 0 permutation tests
2016-07-08 07:14:48    30.6   15.5    INFO             Using columns: diseaseState
2016-07-08 07:14:48    30.6   15.5    INFO             Using region types: tiling,genes,promoters,cpgislands
2016-07-08 07:15:01    30.6   15.5  STATUS             STARTED Retrieving comparison info
2016-07-08 07:15:02    30.6   15.5  STATUS             COMPLETED Retrieving comparison info
2016-07-08 07:15:02    30.6   15.5  STATUS             STARTED Computing differential methylation tables
2016-07-08 07:15:02    30.6   15.5  STATUS                 STARTED Comparing: Normal vs. RheumatoidArthritis (based on diseaseState)
2016-07-08 07:15:02    30.6   15.5  STATUS                     STARTED Computing Differential Methylation Table (Site Level)
2016-07-08 07:15:06    30.6   15.5    INFO                         Adjusting for covariates: age,gender,smokingStatus
2016-07-08 07:15:06    30.6   15.5    INFO                         Conducting differential analysis using limma
2016-07-08 07:16:01    30.6   15.5  STATUS                     COMPLETED Computing Differential Methylation Table (Site Level)
2016-07-08 07:16:17    30.6   15.5  STATUS                     STARTED Computing Differential Methylation Tables (Region Level)
2016-07-08 07:23:14    30.6   15.5  STATUS                         Computed table for tiling
2016-07-08 07:25:07    30.6   15.5  STATUS                         Computed table for genes
2016-07-08 07:26:52    30.6   15.5  STATUS                         Computed table for promoters
2016-07-08 07:28:28    30.6   15.5  STATUS                         Computed table for cpgislands
2016-07-08 07:28:28    30.6   15.5  STATUS                     COMPLETED Computing Differential Methylation Tables (Region Level)
2016-07-08 07:28:28    30.6   15.5  STATUS                 COMPLETED Comparing: Normal vs. RheumatoidArthritis (based on diseaseState)
2016-07-08 07:28:28    30.6   15.5  STATUS             COMPLETED Computing differential methylation tables
2016-07-08 07:28:42    30.6   15.5    INFO             Skipping enrichment analysis of differentially methylated regions
2016-07-08 07:28:42    30.6   15.5  STATUS         COMPLETED Analysis
2016-07-08 07:28:43    30.6   15.5  STATUS         STARTED Report Generation
2016-07-08 07:28:43    30.6   15.5  STATUS             Added introductory section
2016-07-08 07:28:43    30.6   15.5  STATUS             STARTED Adding Site Level Information
2016-07-08 07:28:43    30.6   15.5  STATUS                 STARTED Selection of rank cutoffs
2016-07-08 07:28:44    30.6   15.5  STATUS                 COMPLETED Selection of rank cutoffs
2016-07-08 07:28:44    30.6   15.5  STATUS                 STARTED Adding scatterplots
2016-07-08 07:35:24    30.6   15.5  STATUS                 COMPLETED Adding scatterplots
2016-07-08 07:35:24    30.6   15.5  STATUS                 STARTED Adding volcano plots
2016-07-08 07:43:01    30.6   15.5  STATUS                 COMPLETED Adding volcano plots
2016-07-08 07:43:01    30.6   15.5  STATUS                 STARTED Adding tables
2016-07-08 07:43:18    30.6   15.5  STATUS                 COMPLETED Adding tables
2016-07-08 07:43:18    30.6   15.5  STATUS             COMPLETED Adding Site Level Information
2016-07-08 07:43:18    30.6   15.5  STATUS             STARTED Adding Region Level Information
2016-07-08 07:43:18    30.6   15.5  STATUS                 STARTED Selection of rank cutoffs
2016-07-08 07:43:19    30.6   15.5  STATUS                 COMPLETED Selection of rank cutoffs
2016-07-08 07:43:19    30.6   15.5  STATUS                 STARTED Adding scatterplots
2016-07-08 07:46:53    30.6   15.5  STATUS                 COMPLETED Adding scatterplots
2016-07-08 07:46:53    30.6   15.5  STATUS                 STARTED Adding volcano plots
2016-07-08 07:51:37    30.6   15.5  STATUS                 COMPLETED Adding volcano plots
2016-07-08 07:51:37    30.6   15.5  STATUS                 STARTED Adding tables
2016-07-08 07:51:43    30.6   15.5  STATUS                 COMPLETED Adding tables
2016-07-08 07:51:43    30.6   15.5  STATUS             COMPLETED Adding Region Level Information
2016-07-08 07:51:44    30.6   15.5  STATUS         COMPLETED Report Generation
2016-07-08 07:51:44    30.6   15.5  STATUS     COMPLETED Differential Methylation
2016-07-08 07:51:44    30.6   15.5    INFO     Initialized report index and saved to index.html
2016-07-08 07:51:55    30.6   15.5  STATUS     STARTED Saving RData
2016-07-08 07:52:00    30.6   15.5  STATUS     COMPLETED Saving RData
2016-07-08 07:52:11    30.6   15.5  STATUS COMPLETED RnBeads Pipeline

